0 info it worked if it ends with ok
1 verbose cli [ 'node',
1 verbose cli   '/usr/local/bin/npm',
1 verbose cli   'install',
1 verbose cli   'cordova',
1 verbose cli   'plugin',
1 verbose cli   'add',
1 verbose cli   'com.ionic.keyboard' ]
2 info using npm@2.1.4
3 info using node@v0.10.32
4 verbose node symlink /usr/local/bin/node
5 warn package.json notifier007@1.0.0 No repository field.
6 warn package.json notifier007@1.0.0 No README data
7 silly cache add args [ 'cordova', null ]
8 verbose cache add spec cordova
9 silly cache add args [ 'plugin', null ]
10 verbose cache add spec plugin
11 silly cache add args [ 'add', null ]
12 verbose cache add spec add
13 silly cache add args [ 'com.ionic.keyboard', null ]
14 verbose cache add spec com.ionic.keyboard
15 silly cache add parsed spec { raw: 'cordova',
15 silly cache add   scope: null,
15 silly cache add   name: 'cordova',
15 silly cache add   rawSpec: '',
15 silly cache add   spec: '*',
15 silly cache add   type: 'range' }
16 verbose addNamed cordova@*
17 silly addNamed semver.valid null
18 silly addNamed semver.validRange *
19 silly addNameRange { name: 'cordova', range: '*', hasData: false }
20 verbose mapToRegistry name cordova
21 verbose mapToRegistry uri https://registry.npmjs.org/cordova
22 verbose addNameRange registry:https://registry.npmjs.org/cordova not in flight; fetching
23 silly cache add parsed spec { raw: 'plugin',
23 silly cache add   scope: null,
23 silly cache add   name: 'plugin',
23 silly cache add   rawSpec: '',
23 silly cache add   spec: '*',
23 silly cache add   type: 'range' }
24 verbose addNamed plugin@*
25 silly addNamed semver.valid null
26 silly addNamed semver.validRange *
27 silly addNameRange { name: 'plugin', range: '*', hasData: false }
28 verbose mapToRegistry name plugin
29 verbose mapToRegistry uri https://registry.npmjs.org/plugin
30 verbose addNameRange registry:https://registry.npmjs.org/plugin not in flight; fetching
31 silly cache add parsed spec { raw: 'add',
31 silly cache add   scope: null,
31 silly cache add   name: 'add',
31 silly cache add   rawSpec: '',
31 silly cache add   spec: '*',
31 silly cache add   type: 'range' }
32 verbose addNamed add@*
33 silly addNamed semver.valid null
34 silly addNamed semver.validRange *
35 silly addNameRange { name: 'add', range: '*', hasData: false }
36 verbose mapToRegistry name add
37 verbose mapToRegistry uri https://registry.npmjs.org/add
38 verbose addNameRange registry:https://registry.npmjs.org/add not in flight; fetching
39 silly cache add parsed spec { raw: 'com.ionic.keyboard',
39 silly cache add   scope: null,
39 silly cache add   name: 'com.ionic.keyboard',
39 silly cache add   rawSpec: '',
39 silly cache add   spec: '*',
39 silly cache add   type: 'range' }
40 verbose addNamed com.ionic.keyboard@*
41 silly addNamed semver.valid null
42 silly addNamed semver.validRange *
43 silly addNameRange { name: 'com.ionic.keyboard', range: '*', hasData: false }
44 verbose mapToRegistry name com.ionic.keyboard
45 verbose mapToRegistry uri https://registry.npmjs.org/com.ionic.keyboard
46 verbose addNameRange registry:https://registry.npmjs.org/com.ionic.keyboard not in flight; fetching
47 verbose request on initialization, where is /com.ionic.keyboard
48 verbose request after pass 1, where is /com.ionic.keyboard
49 verbose request url raw /com.ionic.keyboard
50 verbose request resolving registry [ 'https://registry.npmjs.org/', './com.ionic.keyboard' ]
51 verbose request after pass 2, where is https://registry.npmjs.org/com.ionic.keyboard
52 verbose request no auth needed
53 info attempt registry request try #1 at 02:26:51
54 verbose request id 3d32ab2c85585e5f
55 http request GET https://registry.npmjs.org/com.ionic.keyboard
56 verbose request on initialization, where is /plugin
57 verbose request after pass 1, where is /plugin
58 verbose request url raw /plugin
59 verbose request resolving registry [ 'https://registry.npmjs.org/', './plugin' ]
60 verbose request after pass 2, where is https://registry.npmjs.org/plugin
61 verbose request no auth needed
62 info attempt registry request try #1 at 02:26:51
63 verbose etag "8ENDF5MT85HIQA2SDXM70XQRQ"
64 http request GET https://registry.npmjs.org/plugin
65 verbose request on initialization, where is /add
66 verbose request after pass 1, where is /add
67 verbose request url raw /add
68 verbose request resolving registry [ 'https://registry.npmjs.org/', './add' ]
69 verbose request after pass 2, where is https://registry.npmjs.org/add
70 verbose request no auth needed
71 info attempt registry request try #1 at 02:26:51
72 verbose etag "14V6PLPEIVZMHL6OUC9UAKF56"
73 http request GET https://registry.npmjs.org/add
74 verbose request on initialization, where is /cordova
75 verbose request after pass 1, where is /cordova
76 verbose request url raw /cordova
77 verbose request resolving registry [ 'https://registry.npmjs.org/', './cordova' ]
78 verbose request after pass 2, where is https://registry.npmjs.org/cordova
79 verbose request no auth needed
80 info attempt registry request try #1 at 02:26:51
81 verbose etag "29FOQY8PKXMBA47OEOQL5516O"
82 http request GET https://registry.npmjs.org/cordova
83 http 304 https://registry.npmjs.org/plugin
84 silly registry.get cb [ 304,
84 silly registry.get   { date: 'Sat, 28 Feb 2015 01:26:52 GMT',
84 silly registry.get     server: 'Apache',
84 silly registry.get     via: '1.1 varnish',
84 silly registry.get     'last-modified': 'Sat, 28 Feb 2015 01:26:52 GMT',
84 silly registry.get     'cache-control': 'max-age=60',
84 silly registry.get     etag: '"8ENDF5MT85HIQA2SDXM70XQRQ"',
84 silly registry.get     age: '0',
84 silly registry.get     'x-served-by': 'cache-fra1239-FRA',
84 silly registry.get     'x-cache': 'MISS',
84 silly registry.get     'x-cache-hits': '0',
84 silly registry.get     'x-timer': 'S1425086812.012850,VS0,VE417',
84 silly registry.get     vary: 'Accept',
84 silly registry.get     'content-length': '0',
84 silly registry.get     'keep-alive': 'timeout=10, max=50',
84 silly registry.get     connection: 'Keep-Alive' } ]
85 verbose etag https://registry.npmjs.org/plugin from cache
86 http 304 https://registry.npmjs.org/add
87 silly registry.get cb [ 304,
87 silly registry.get   { date: 'Sat, 28 Feb 2015 01:26:52 GMT',
87 silly registry.get     server: 'Apache',
87 silly registry.get     via: '1.1 varnish',
87 silly registry.get     'last-modified': 'Sat, 28 Feb 2015 01:26:52 GMT',
87 silly registry.get     'cache-control': 'max-age=60',
87 silly registry.get     etag: '"14V6PLPEIVZMHL6OUC9UAKF56"',
87 silly registry.get     age: '0',
87 silly registry.get     'x-served-by': 'cache-fra1241-FRA',
87 silly registry.get     'x-cache': 'MISS',
87 silly registry.get     'x-cache-hits': '0',
87 silly registry.get     'x-timer': 'S1425086812.008997,VS0,VE686',
87 silly registry.get     vary: 'Accept',
87 silly registry.get     'content-length': '0',
87 silly registry.get     'keep-alive': 'timeout=10, max=50',
87 silly registry.get     connection: 'Keep-Alive' } ]
88 verbose etag https://registry.npmjs.org/add from cache
89 http 304 https://registry.npmjs.org/cordova
90 silly registry.get cb [ 304,
90 silly registry.get   { date: 'Sat, 28 Feb 2015 01:26:52 GMT',
90 silly registry.get     server: 'Apache',
90 silly registry.get     via: '1.1 varnish',
90 silly registry.get     'last-modified': 'Sat, 28 Feb 2015 01:26:52 GMT',
90 silly registry.get     'cache-control': 'max-age=60',
90 silly registry.get     etag: '"29FOQY8PKXMBA47OEOQL5516O"',
90 silly registry.get     age: '0',
90 silly registry.get     'x-served-by': 'cache-fra1226-FRA',
90 silly registry.get     'x-cache': 'HIT',
90 silly registry.get     'x-cache-hits': '1',
90 silly registry.get     'x-timer': 'S1425086812.010289,VS0,VE688',
90 silly registry.get     vary: 'Accept',
90 silly registry.get     'content-length': '0',
90 silly registry.get     'keep-alive': 'timeout=10, max=50',
90 silly registry.get     connection: 'Keep-Alive' } ]
91 verbose etag https://registry.npmjs.org/cordova from cache
92 http 404 https://registry.npmjs.org/com.ionic.keyboard
93 verbose headers { date: 'Sat, 28 Feb 2015 01:26:52 GMT',
93 verbose headers   server: 'CouchDB/1.5.0 (Erlang OTP/R16B03)',
93 verbose headers   'content-type': 'application/json',
93 verbose headers   'cache-control': 'max-age=0',
93 verbose headers   'content-length': '52',
93 verbose headers   'accept-ranges': 'bytes',
93 verbose headers   via: '1.1 varnish',
93 verbose headers   age: '0',
93 verbose headers   'x-served-by': 'cache-fra1234-FRA',
93 verbose headers   'x-cache': 'MISS',
93 verbose headers   'x-cache-hits': '0',
93 verbose headers   'x-timer': 'S1425086812.008390,VS0,VE694',
93 verbose headers   'keep-alive': 'timeout=10, max=50',
93 verbose headers   connection: 'Keep-Alive' }
94 silly registry.get cb [ 404,
94 silly registry.get   { date: 'Sat, 28 Feb 2015 01:26:52 GMT',
94 silly registry.get     server: 'CouchDB/1.5.0 (Erlang OTP/R16B03)',
94 silly registry.get     'content-type': 'application/json',
94 silly registry.get     'cache-control': 'max-age=0',
94 silly registry.get     'content-length': '52',
94 silly registry.get     'accept-ranges': 'bytes',
94 silly registry.get     via: '1.1 varnish',
94 silly registry.get     age: '0',
94 silly registry.get     'x-served-by': 'cache-fra1234-FRA',
94 silly registry.get     'x-cache': 'MISS',
94 silly registry.get     'x-cache-hits': '0',
94 silly registry.get     'x-timer': 'S1425086812.008390,VS0,VE694',
94 silly registry.get     'keep-alive': 'timeout=10, max=50',
94 silly registry.get     connection: 'Keep-Alive' } ]
95 silly addNameRange number 2 { name: 'add', range: '*', hasData: true }
96 silly addNameRange versions [ 'add',
96 silly addNameRange   [ '1.0.0', '2.0.0', '2.0.1', '2.0.2', '2.0.4', '2.0.5', '2.0.6' ] ]
97 verbose addNamed add@2.0.6
98 silly addNamed semver.valid 2.0.6
99 silly addNamed semver.validRange 2.0.6
100 silly addNameRange number 2 { name: 'plugin', range: '*', hasData: true }
101 silly addNameRange versions [ 'plugin',
101 silly addNameRange   [ '0.0.13',
101 silly addNameRange     '0.0.14',
101 silly addNameRange     '0.0.15',
101 silly addNameRange     '0.1.0',
101 silly addNameRange     '0.2.0',
101 silly addNameRange     '0.2.1',
101 silly addNameRange     '0.2.2',
101 silly addNameRange     '0.2.3',
101 silly addNameRange     '0.2.4',
101 silly addNameRange     '0.2.5',
101 silly addNameRange     '0.2.6',
101 silly addNameRange     '0.2.7',
101 silly addNameRange     '0.3.0',
101 silly addNameRange     '0.3.1',
101 silly addNameRange     '0.3.2',
101 silly addNameRange     '0.3.3' ] ]
102 verbose addNamed plugin@0.3.3
103 silly addNamed semver.valid 0.3.3
104 silly addNamed semver.validRange 0.3.3
105 silly addNameRange number 2 { name: 'cordova', range: '*', hasData: true }
106 silly addNameRange versions [ 'cordova',
106 silly addNameRange   [ '0.0.1',
106 silly addNameRange     '0.0.2',
106 silly addNameRange     '0.0.3',
106 silly addNameRange     '0.0.4',
106 silly addNameRange     '0.0.5',
106 silly addNameRange     '0.0.6',
106 silly addNameRange     '0.0.7',
106 silly addNameRange     '0.0.8',
106 silly addNameRange     '0.0.9',
106 silly addNameRange     '0.1.0',
106 silly addNameRange     '0.1.1',
106 silly addNameRange     '0.1.2',
106 silly addNameRange     '0.1.3',
106 silly addNameRange     '0.1.4',
106 silly addNameRange     '0.1.5',
106 silly addNameRange     '0.1.6',
106 silly addNameRange     '0.1.7',
106 silly addNameRange     '0.1.8',
106 silly addNameRange     '0.1.9',
106 silly addNameRange     '0.1.10',
106 silly addNameRange     '0.1.11',
106 silly addNameRange     '0.1.12',
106 silly addNameRange     '0.1.13',
106 silly addNameRange     '0.1.14',
106 silly addNameRange     '2.2.0',
106 silly addNameRange     '2.3.0',
106 silly addNameRange     '2.3.1',
106 silly addNameRange     '2.3.2',
106 silly addNameRange     '2.3.3',
106 silly addNameRange     '2.3.5',
106 silly addNameRange     '2.3.6',
106 silly addNameRange     '2.4.0',
106 silly addNameRange     '2.4.1',
106 silly addNameRange     '2.4.2',
106 silly addNameRange     '2.4.3',
106 silly addNameRange     '2.4.4',
106 silly addNameRange     '2.4.5',
106 silly addNameRange     '2.4.6',
106 silly addNameRange     '2.4.7',
106 silly addNameRange     '2.4.8',
106 silly addNameRange     '2.4.9',
106 silly addNameRange     '2.4.10',
106 silly addNameRange     '2.5.0',
106 silly addNameRange     '2.5.2',
106 silly addNameRange     '2.5.3',
106 silly addNameRange     '2.5.4',
106 silly addNameRange     '2.5.5',
106 silly addNameRange     '2.6.0',
106 silly addNameRange     '2.6.1',
106 silly addNameRange     '2.6.2',
106 silly addNameRange     '2.7.0-rc.1',
106 silly addNameRange     '2.7.1-rc.1',
106 silly addNameRange     '2.7.2',
106 silly addNameRange     '2.7.3',
106 silly addNameRange     '2.7.4',
106 silly addNameRange     '2.8.0',
106 silly addNameRange     '2.8.1',
106 silly addNameRange     '2.8.2',
106 silly addNameRange     '2.8.3',
106 silly addNameRange     '2.8.4',
106 silly addNameRange     '2.8.5',
106 silly addNameRange     '2.8.6',
106 silly addNameRange     '2.8.7',
106 silly addNameRange     '2.8.8',
106 silly addNameRange     '2.8.9',
106 silly addNameRange     '2.8.10',
106 silly addNameRange     '2.8.11',
106 silly addNameRange     '2.8.12',
106 silly addNameRange     '2.8.13',
106 silly addNameRange     '2.8.14',
106 silly addNameRange     '2.8.15',
106 silly addNameRange     '2.8.16',
106 silly addNameRange     '2.8.17',
106 silly addNameRange     '2.8.18',
106 silly addNameRange     '2.8.19',
106 silly addNameRange     '2.8.20',
106 silly addNameRange     '2.8.21',
106 silly addNameRange     '2.8.22',
106 silly addNameRange     '2.8.23',
106 silly addNameRange     '2.8.24',
106 silly addNameRange     '2.8.25',
106 silly addNameRange     '2.9.0',
106 silly addNameRange     '2.9.1',
106 silly addNameRange     '2.9.2',
106 silly addNameRange     '2.9.3',
106 silly addNameRange     '2.9.4',
106 silly addNameRange     '2.9.5',
106 silly addNameRange     '2.9.6',
106 silly addNameRange     '2.9.7',
106 silly addNameRange     '3.0.0-rc1',
106 silly addNameRange     '3.0.0-rc1-1',
106 silly addNameRange     '3.0.0-rc1-3',
106 silly addNameRange     '3.0.0',
106 silly addNameRange     '3.0.1',
106 silly addNameRange     '3.0.2',
106 silly addNameRange     '3.0.3',
106 silly addNameRange     '3.0.4',
106 silly addNameRange     '3.0.5',
106 silly addNameRange     '3.0.6',
106 silly addNameRange     '3.0.7',
106 silly addNameRange     '3.0.8',
106 silly addNameRange     '3.0.9',
106 silly addNameRange     '3.0.10',
106 silly addNameRange     '3.1.0-0.1.0',
106 silly addNameRange     '3.1.0-0.2.0',
106 silly addNameRange     '3.2.0-rc.1',
106 silly addNameRange     '3.2.0-0.1.0',
106 silly addNameRange     '3.2.0-0.2.0',
106 silly addNameRange     '3.2.0-0.3.0',
106 silly addNameRange     '3.2.0-0.4.0',
106 silly addNameRange     '3.3.0-rc.1',
106 silly addNameRange     '3.3.0-0.1.1',
106 silly addNameRange     '3.3.1-0.1.2',
106 silly addNameRange     '2.9.0-rc1',
106 silly addNameRange     '3.3.1-0.3.0',
106 silly addNameRange     '3.3.1-0.3.1',
106 silly addNameRange     '3.3.1-0.4.1',
106 silly addNameRange     '3.3.1-0.4.2',
106 silly addNameRange     '3.4.0-0.1.0',
106 silly addNameRange     '3.4.0-0.1.1',
106 silly addNameRange     '3.4.0-0.1.2',
106 silly addNameRange     '3.4.0-0.1.3',
106 silly addNameRange     '0.0.0-fake',
106 silly addNameRange     '3.4.1-0.1.0',
106 silly addNameRange     '3.5.0-0.2.0',
106 silly addNameRange     '3.5.0-0.2.1',
106 silly addNameRange     '3.5.0-0.2.2',
106 silly addNameRange     '3.5.0-0.2.3',
106 silly addNameRange     '3.5.0-0.2.4',
106 silly addNameRange     '3.5.0-0.2.6',
106 silly addNameRange     '3.5.0-0.2.7',
106 silly addNameRange     '3.6.0-0.2.8',
106 silly addNameRange     '3.6.0-0.2.9',
106 silly addNameRange     '3.6.1-0.2.10',
106 silly addNameRange     '3.6.3-0.2.11',
106 silly addNameRange     '3.6.3-0.2.12',
106 silly addNameRange     '3.6.3-0.2.13',
106 silly addNameRange     '4.0.0',
106 silly addNameRange     '4.0.1',
106 silly addNameRange     '4.1.0',
106 silly addNameRange     '4.1.1',
106 silly addNameRange     '4.1.2',
106 silly addNameRange     '4.1.3-nightly.2014.10.21',
106 silly addNameRange     '4.2.0',
106 silly addNameRange     '4.3.0' ] ]
107 verbose addNamed cordova@4.2.0
108 silly addNamed semver.valid 4.2.0
109 silly addNamed semver.validRange 4.2.0
110 silly cache afterAdd add@2.0.6
111 verbose afterAdd /Users/andela-dtytomi/.npm/add/2.0.6/package/package.json not in flight; writing
112 silly cache afterAdd plugin@0.3.3
113 verbose afterAdd /Users/andela-dtytomi/.npm/plugin/0.3.3/package/package.json not in flight; writing
114 silly cache afterAdd cordova@4.2.0
115 verbose afterAdd /Users/andela-dtytomi/.npm/cordova/4.2.0/package/package.json not in flight; writing
116 verbose afterAdd /Users/andela-dtytomi/.npm/add/2.0.6/package/package.json written
117 verbose afterAdd /Users/andela-dtytomi/.npm/plugin/0.3.3/package/package.json written
118 verbose afterAdd /Users/andela-dtytomi/.npm/cordova/4.2.0/package/package.json written
119 verbose stack Error: 404 Not Found: com.ionic.keyboard
119 verbose stack     at RegClient.<anonymous> (/usr/local/lib/node_modules/npm/node_modules/npm-registry-client/lib/request.js:258:14)
119 verbose stack     at Request._callback (/usr/local/lib/node_modules/npm/node_modules/npm-registry-client/lib/request.js:197:65)
119 verbose stack     at Request.self.callback (/usr/local/lib/node_modules/npm/node_modules/request/request.js:237:22)
119 verbose stack     at Request.emit (events.js:98:17)
119 verbose stack     at Request.<anonymous> (/usr/local/lib/node_modules/npm/node_modules/request/request.js:1146:14)
119 verbose stack     at Request.emit (events.js:117:20)
119 verbose stack     at IncomingMessage.<anonymous> (/usr/local/lib/node_modules/npm/node_modules/request/request.js:1097:12)
119 verbose stack     at IncomingMessage.emit (events.js:117:20)
119 verbose stack     at _stream_readable.js:943:16
119 verbose stack     at process._tickCallback (node.js:419:13)
120 verbose statusCode 404
121 verbose pkgid com.ionic.keyboard
122 verbose cwd /Users/andela-dtytomi/source/notifier007
123 error Darwin 14.0.0
124 error argv "node" "/usr/local/bin/npm" "install" "cordova" "plugin" "add" "com.ionic.keyboard"
125 error node v0.10.32
126 error npm  v2.1.4
127 error code E404
128 error 404 Not Found: com.ionic.keyboard
128 error 404
128 error 404 'com.ionic.keyboard' is not in the npm registry.
128 error 404 You should bug the author to publish it (or use the name yourself!)
128 error 404 It was specified as a dependency of 'notifier007'
128 error 404
128 error 404 Note that you can also install from a
128 error 404 tarball, folder, http url, or git url.
129 verbose exit [ 1, true ]
